
> capstone@1.0.0 start
> nodemon app

[33m[nodemon] 2.0.16[39m
[33m[nodemon] to restart at any time, enter `rs`[39m
[33m[nodemon] watching path(s): *.*[39m
[33m[nodemon] watching extensions: js,mjs,json[39m
[32m[nodemon] starting `node app.js`[39m
node:events:505
      throw er; // Unhandled 'error' event
      ^

Error: EBADF: bad file descriptor, read
Emitted 'error' event on ReadStream instance at:
    at emitErrorNT (node:internal/streams/destroy:151:8)
    at errorOrDestroy (node:internal/streams/destroy:214:7)
    at node:internal/fs/streams:254:9
    at FSReqCallback.wrapper [as oncomplete] (node:fs:665:5) {
  errno: -9,
  code: 'EBADF',
  syscall: 'read'
}

Node.js v18.1.0

> capstone@1.0.0 start
> nodemon app

[33m[nodemon] 2.0.16[39m
[33m[nodemon] to restart at any time, enter `rs`[39m
[33m[nodemon] watching path(s): *.*[39m
[33m[nodemon] watching extensions: js,mjs,json[39m
[32m[nodemon] starting `node app.js`[39m
node:events:505
      throw er; // Unhandled 'error' event
      ^

Error: EBADF: bad file descriptor, read
Emitted 'error' event on ReadStream instance at:
    at emitErrorNT (node:internal/streams/destroy:151:8)
    at errorOrDestroy (node:internal/streams/destroy:214:7)
    at node:internal/fs/streams:254:9
    at FSReqCallback.wrapper [as oncomplete] (node:fs:665:5) {
  errno: -9,
  code: 'EBADF',
  syscall: 'read'
}

Node.js v18.1.0

> capstone@1.0.0 start
> nodemon app

[33m[nodemon] 2.0.16[39m
[33m[nodemon] to restart at any time, enter `rs`[39m
[33m[nodemon] watching path(s): *.*[39m
[33m[nodemon] watching extensions: js,mjs,json[39m
[32m[nodemon] starting `node app.js`[39m
node:events:505
      throw er; // Unhandled 'error' event
      ^

Error: EBADF: bad file descriptor, read
Emitted 'error' event on ReadStream instance at:
    at emitErrorNT (node:internal/streams/destroy:151:8)
    at errorOrDestroy (node:internal/streams/destroy:214:7)
    at node:internal/fs/streams:254:9
    at FSReqCallback.wrapper [as oncomplete] (node:fs:665:5) {
  errno: -9,
  code: 'EBADF',
  syscall: 'read'
}

Node.js v18.1.0

> capstone@1.0.0 start
> nodemon app

[33m[nodemon] 2.0.16[39m
[33m[nodemon] to restart at any time, enter `rs`[39m
[33m[nodemon] watching path(s): *.*[39m
[33m[nodemon] watching extensions: js,mjs,json[39m
[32m[nodemon] starting `node app.js`[39m
node:events:505
      throw er; // Unhandled 'error' event
      ^

Error: EBADF: bad file descriptor, read
Emitted 'error' event on ReadStream instance at:
    at emitErrorNT (node:internal/streams/destroy:151:8)
    at errorOrDestroy (node:internal/streams/destroy:214:7)
    at node:internal/fs/streams:254:9
    at FSReqCallback.wrapper [as oncomplete] (node:fs:665:5) {
  errno: -9,
  code: 'EBADF',
  syscall: 'read'
}

Node.js v18.1.0
node:internal/modules/cjs/loader:936
  throw err;
  ^

Error: Cannot find module '/home/ubuntu/sw-capstone-gym/__dirname/app.js'
    at Function.Module._resolveFilename (node:internal/modules/cjs/loader:933:15)
    at Function.Module._load (node:internal/modules/cjs/loader:778:27)
    at Function.executeUserEntryPoint [as runMain] (node:internal/modules/run_main:77:12)
    at node:internal/main/run_main_module:17:47 {
  code: 'MODULE_NOT_FOUND',
  requireStack: []
}
3007 ë²ˆ í¬íŠ¸ì—ì„œ ëŒ€ê¸° ì¤‘
[
  {
    host_id: 1,
    host_name: 'ê¹€ì‹œí™˜',
    id: 'ks1101',
    pw: 'ks1101',
    phone: '01024581120',
    email: 'ksshhses@ajou.ac.kr'
  }
]
gyminfo[object Object]
serializeUser  {
  host_id: 1,
  host_name: 'ê¹€ì‹œí™˜',
  id: 'ks1101',
  pw: 'ks1101',
  phone: '01024581120',
  email: 'ksshhses@ajou.ac.kr'
}
[0mPOST /account/login [36m302[0m 34.579 ms - 43[0m
deserializeUser id  1
{
  host_id: 1,
  host_name: 'ê¹€ì‹œí™˜',
  id: 'ks1101',
  pw: 'ks1101',
  phone: '01024581120',
  email: 'ksshhses@ajou.ac.kr'
}
[0mGET /account/successLogin [32m200[0m 6.538 ms - 155[0m
